[ERROR] 2023-03-27 18:24:50 {main} c%{1} -Native Database Connection Established
[ERROR] 2023-03-27 18:24:50 {main} c%{1} -SQL EXCEPTION in student createDuplicate entry '3' for key 'PRIMARY'
[INFO ] 2023-03-27 18:24:50 {main} c%{1} -Server Started, Time: 2023-03-27
[INFO ] 2023-03-27 18:29:44 {main} c%{1} -Starting a thread for new client, Timme: 2023-03-27
[INFO ] 2023-03-27 18:29:44 {main} c%{1} -Client count: 1
[FATAL] 2023-03-27 18:29:44 {Thread-0} c%{1} -Class not found exception, check try/catch block
[ERROR] 2023-03-27 18:30:18 {main} c%{1} -Native Database Connection Established
[ERROR] 2023-03-27 18:30:18 {main} c%{1} -SQL EXCEPTION in student createDuplicate entry '3' for key 'PRIMARY'
[INFO ] 2023-03-27 18:30:18 {main} c%{1} -Server Started, Time: 2023-03-27
[INFO ] 2023-03-27 18:30:42 {main} c%{1} -Starting a thread for new client, Timme: 2023-03-27
[INFO ] 2023-03-27 18:30:42 {main} c%{1} -Client count: 1
[FATAL] 2023-03-27 18:31:11 {Thread-0} c%{1} -Class not found exception, check try/catch block
[ERROR] 2023-03-27 18:32:27 {main} c%{1} -Native Database Connection Established
[ERROR] 2023-03-27 18:32:27 {main} c%{1} -SQL EXCEPTION in student createDuplicate entry '3' for key 'PRIMARY'
[INFO ] 2023-03-27 18:32:27 {main} c%{1} -Server Started, Time: 2023-03-27
[INFO ] 2023-03-27 18:32:34 {main} c%{1} -Starting a thread for new client, Timme: 2023-03-27
[INFO ] 2023-03-27 18:32:34 {main} c%{1} -Client count: 1
[FATAL] 2023-03-27 18:33:29 {Thread-0} c%{1} -Class not found exception, check try/catch block
[ERROR] 2023-03-27 18:38:03 {main} c%{1} -Native Database Connection Established
[ERROR] 2023-03-27 18:38:03 {main} c%{1} -SQL EXCEPTION in student createDuplicate entry '3' for key 'PRIMARY'
[INFO ] 2023-03-27 18:38:03 {main} c%{1} -Server Started, Time: 2023-03-27
[INFO ] 2023-03-27 18:38:16 {main} c%{1} -Starting a thread for new client, Timme: 2023-03-27
[INFO ] 2023-03-27 18:38:16 {main} c%{1} -Client count: 1
[FATAL] 2023-03-27 18:38:16 {Thread-0} c%{1} -Class not found exception, check try/catch block
[ERROR] 2023-03-27 18:39:12 {main} c%{1} -Native Database Connection Established
[ERROR] 2023-03-27 18:39:13 {main} c%{1} -SQL EXCEPTION in student createDuplicate entry '3' for key 'PRIMARY'
[INFO ] 2023-03-27 18:39:13 {main} c%{1} -Server Started, Time: 2023-03-27
[INFO ] 2023-03-27 18:39:23 {main} c%{1} -Starting a thread for new client, Timme: 2023-03-27
[INFO ] 2023-03-27 18:39:23 {main} c%{1} -Client count: 1
[FATAL] 2023-03-27 18:39:24 {Thread-0} c%{1} -Class not found exception, check try/catch block
[ERROR] 2023-03-27 18:39:52 {main} c%{1} -Native Database Connection Established
[ERROR] 2023-03-27 18:39:52 {main} c%{1} -SQL EXCEPTION in student createDuplicate entry '3' for key 'PRIMARY'
[INFO ] 2023-03-27 18:39:52 {main} c%{1} -Server Started, Time: 2023-03-27
[INFO ] 2023-03-27 18:39:59 {main} c%{1} -Starting a thread for new client, Timme: 2023-03-27
[INFO ] 2023-03-27 18:39:59 {main} c%{1} -Client count: 1
[FATAL] 2023-03-27 18:40:00 {Thread-0} c%{1} -Class not found exception, check try/catch block
[ERROR] 2023-03-27 18:41:03 {main} c%{1} -Native Database Connection Established
[ERROR] 2023-03-27 18:41:03 {main} c%{1} -SQL EXCEPTION in student createDuplicate entry '3' for key 'PRIMARY'
[INFO ] 2023-03-27 18:41:03 {main} c%{1} -Server Started, Time: 2023-03-27
[INFO ] 2023-03-27 18:41:11 {main} c%{1} -Starting a thread for new client, Timme: 2023-03-27
[INFO ] 2023-03-27 18:41:11 {main} c%{1} -Client count: 1
[FATAL] 2023-03-27 18:41:11 {Thread-0} c%{1} -Class not found exception, check try/catch block
[ERROR] 2023-03-27 18:41:47 {main} c%{1} -Native Database Connection Established
[ERROR] 2023-03-27 18:41:47 {main} c%{1} -SQL EXCEPTION in student createDuplicate entry '3' for key 'PRIMARY'
[INFO ] 2023-03-27 18:41:47 {main} c%{1} -Server Started, Time: 2023-03-27
[INFO ] 2023-03-27 18:41:53 {main} c%{1} -Starting a thread for new client, Timme: 2023-03-27
[INFO ] 2023-03-27 18:41:53 {main} c%{1} -Client count: 1
[INFO ] 2023-03-27 18:41:56 {Thread-0} c%{1} -User successfully Authenticated
[INFO ] 2023-03-27 18:41:58 {Thread-0} c%{1} -Queries found
[INFO ] 2023-03-27 18:41:58 {Thread-0} c%{1} -All student queries sent back to client
[WARN ] 2023-03-27 18:42:04 {Thread-0} c%{1} -IO Exception occurred within this try catch block
[ERROR] 2023-03-27 18:47:24 {main} c%{1} -Native Database Connection Established
[ERROR] 2023-03-27 18:47:24 {main} c%{1} -SQL EXCEPTION in student createDuplicate entry '3' for key 'PRIMARY'
[INFO ] 2023-03-27 18:47:24 {main} c%{1} -Server Started, Time: 2023-03-27
[INFO ] 2023-03-27 18:47:30 {main} c%{1} -Starting a thread for new client, Timme: 2023-03-27
[INFO ] 2023-03-27 18:47:30 {main} c%{1} -Client count: 1
[INFO ] 2023-03-27 18:47:32 {Thread-0} c%{1} -User successfully Authenticated
[INFO ] 2023-03-27 18:47:37 {Thread-0} c%{1} -Queries found
[INFO ] 2023-03-27 18:47:37 {Thread-0} c%{1} -All student queries sent back to client
[WARN ] 2023-03-27 18:47:40 {Thread-0} c%{1} -IO Exception occurred within this try catch block
[ERROR] 2023-03-29 16:45:11 {main} c%{1} -Native Database Connection Established
[ERROR] 2023-03-29 16:45:11 {main} c%{1} -SQL EXCEPTION in student createTable 'utechcomplaintdb.students' doesn't exist
[INFO ] 2023-03-29 16:45:11 {main} c%{1} -Server Started, Time: 2023-03-29
